<?xml version="1.0" encoding="UTF-8"?>
<!-- Generated by org.testng.reporters.JUnitXMLReporter -->
<testsuite ignored="0" hostname="DESKTOP-E5DA7F9" failures="1" tests="8" name="Command line test" time="0.046" errors="0" timestamp="2020-10-07T11:47:00 MSK">
  <testcase classname="AdvSqrtTest" name="on0_Return0" time="0.002"/>
  <testcase classname="AdvSqrtTest" name="on10_ReturnSqrt" time="0.002">
    <failure type="java.lang.AssertionError" message="10 sqrt test expected [3.1622776601683795] but found [3.162277660168379]">
      <![CDATA[java.lang.AssertionError: 10 sqrt test expected [3.1622776601683795] but found [3.162277660168379]
at AdvSqrtTest.on10_ReturnSqrt(AdvSqrtTest.java:22)
at java.base/java.util.ArrayList.forEach(ArrayList.java:1540)
... Removed 39 stack frames]]>
    </failure>
  </testcase> <!-- on10_ReturnSqrt -->
  <testcase classname="AdvSqrtTest" name="on1_Return1" time="0.0"/>
  <testcase classname="AdvSqrtTest" name="on3_ReturnSqrt" time="0.0"/>
  <testcase classname="AdvSqrtTest" name="onNan_ReturnNan" time="0.0"/>
  <testcase classname="AdvSqrtTest" name="onNegative0_ReturnNegative0" time="0.0"/>
  <testcase classname="AdvSqrtTest" name="onNegativeNumber_ReturnNan" time="0.0"/>
  <testcase classname="AdvSqrtTest" name="onPositiveInfinity_ReturnPositiveInfinity" time="0.0"/>
</testsuite> <!-- Command line test -->
